{
  "RSpec": {
    "coverage": {
      "/home/impartial-flow-0244/tic-tac-toe-rb-online-web-sp-000/lib/tic_tac_toe.rb": [
        1,
        null,
        null,
        1,
        null,
        null,
        1,
        7,
        7,
        7,
        7,
        7,
        null,
        null,
        1,
        6,
        null,
        null,
        1,
        3,
        null,
        null,
        1,
        8,
        null,
        null,
        1,
        6,
        null,
        null,
        1,
        3,
        3,
        3,
        3,
        2,
        2,
        null,
        1,
        null,
        null,
        null,
        1,
        9,
        9,
        81,
        7,
        null,
        null,
        9,
        null,
        null,
        1,
        4,
        0,
        4,
        4,
        null,
        null,
        null,
        1,
        14,
        null,
        91,
        91,
        91,
        null,
        91,
        91,
        91,
        null,
        182,
        91,
        5,
        86,
        1,
        null,
        null,
        0,
        null,
        null,
        8,
        null,
        null,
        1,
        39,
        3,
        6,
        3,
        0,
        null,
        null,
        null,
        1,
        7,
        2,
        null,
        5,
        null,
        null,
        null,
        1,
        3,
        2,
        null,
        1,
        null,
        null,
        null,
        1,
        3,
        null,
        2,
        2,
        null,
        20,
        20,
        null,
        2,
        1,
        1,
        1,
        null,
        null,
        null,
        null,
        1,
        null
      ]
    },
    "timestamp": 1599089234
  }
}
