{
  "RSpec": {
    "coverage": {
      "/home/impartial-flow-0244/tic-tac-toe-rb-online-web-sp-000/lib/tic_tac_toe.rb": [
        1,
        null,
        null,
        1,
        null,
        null,
        1,
        20,
        20,
        20,
        20,
        20,
        null,
        null,
        1,
        19,
        null,
        null,
        1,
        19,
        null,
        null,
        1,
        21,
        null,
        null,
        1,
        19,
        null,
        null,
        1,
        16,
        16,
        16,
        16,
        15,
        15,
        null,
        1,
        null,
        null,
        null,
        1,
        2,
        2,
        2,
        2,
        null,
        2,
        null,
        null,
        null,
        1,
        1,
        1,
        0,
        0,
        null,
        null,
        null,
        1,
        52,
        null,
        282,
        282,
        282,
        null,
        282,
        282,
        282,
        null,
        642,
        279,
        16,
        263,
        4,
        null,
        null,
        3,
        null,
        null,
        29,
        null,
        null,
        1,
        116,
        7,
        72,
        11,
        5,
        null,
        null,
        null,
        1,
        18,
        6,
        null,
        12,
        null,
        null,
        null,
        1,
        17,
        10,
        null,
        7,
        null,
        null,
        null,
        1,
        8,
        null,
        7,
        7,
        null,
        70,
        70,
        null,
        7,
        5,
        2,
        2,
        null,
        null,
        null,
        null,
        1,
        12,
        13,
        null,
        12,
        6,
        6,
        3,
        null,
        null
      ]
    },
    "timestamp": 1599091256
  }
}
